FamilyPop/familyPop/build/outputs/logs/manifest-merger-debug-report.txt
-- Merging decision tree log ---
manifest
ADDED from src\main\AndroidManifest.xml:2:1-110:12
	xmlns:android
		ADDED from src\main\AndroidManifest.xml:2:11-69
	package
		ADDED from src\main\AndroidManifest.xml:3:5-34
		INJECTED from src\main\AndroidManifest.xml
		INJECTED from src\main\AndroidManifest.xml
	android:versionName
		ADDED from src\main\AndroidManifest.xml:5:5-30
		INJECTED from src\main\AndroidManifest.xml
		INJECTED from src\main\AndroidManifest.xml
	android:versionCode
		ADDED from src\main\AndroidManifest.xml:4:5-28
		INJECTED from src\main\AndroidManifest.xml
		INJECTED from src\main\AndroidManifest.xml
uses-sdk
ADDED from src\main\AndroidManifest.xml:7:5-9:41
MERGED from [com.facebook.android:facebook-android-sdk:4.1.0] AndroidManifest.xml:24:5-26:41
MERGED from [com.android.support:support-v4:21.0.3] AndroidManifest.xml:15:5-42
MERGED from [FamilyPop:socioPhone_lib_dist:unspecified] AndroidManifest.xml:7:5-9:41
MERGED from [com.android.support:support-v4:21.0.3] AndroidManifest.xml:15:5-42
MERGED from [FamilyPop:mmlib:unspecified] AndroidManifest.xml:5:5-7:41
MERGED from [FamilyPop:socioPhone_lib_dist:unspecified] AndroidManifest.xml:7:5-9:41
MERGED from [com.android.support:support-v4:21.0.3] AndroidManifest.xml:15:5-42
MERGED from [com.android.support:support-v4:21.0.3] AndroidManifest.xml:15:5-42
MERGED from [com.android.support:palette-v7:21.0.0] AndroidManifest.xml:15:5-42
MERGED from [com.android.support:support-v4:21.0.3] AndroidManifest.xml:15:5-42
MERGED from [FamilyPop:andEngine:unspecified] AndroidManifest.xml:7:5-9:41
MERGED from [FamilyPop:andEnginePhysicsBox2DExtension:unspecified] AndroidManifest.xml:7:5-9:41
MERGED from [FamilyPop:andEngine:unspecified] AndroidManifest.xml:7:5-9:41
	android:targetSdkVersion
		ADDED from src\main\AndroidManifest.xml:9:9-38
		INJECTED from src\main\AndroidManifest.xml
		INJECTED from src\main\AndroidManifest.xml
	android:minSdkVersion
		ADDED from src\main\AndroidManifest.xml:8:9-35
		INJECTED from src\main\AndroidManifest.xml
		INJECTED from src\main\AndroidManifest.xml
uses-permission#android.permission.ACCESS_WIFI_STATE
ADDED from src\main\AndroidManifest.xml:10:5-75
	android:name
		ADDED from src\main\AndroidManifest.xml:10:22-73
uses-permission#android.permission.ACCESS_FINE_LOCATION
ADDED from src\main\AndroidManifest.xml:11:5-78
	android:name
		ADDED from src\main\AndroidManifest.xml:11:22-76
uses-permission#android.permission.ACCESS_COARSE_LOCATION
ADDED from src\main\AndroidManifest.xml:12:5-80
	android:name
		ADDED from src\main\AndroidManifest.xml:12:22-78
uses-permission#android.permission.BLUETOOTH
ADDED from src\main\AndroidManifest.xml:13:5-67
	android:name
		ADDED from src\main\AndroidManifest.xml:13:22-65
uses-permission#android.permission.BLUETOOTH_ADMIN
ADDED from src\main\AndroidManifest.xml:14:5-73
	android:name
		ADDED from src\main\AndroidManifest.xml:14:22-71
uses-permission#android.permission.INTERNET
ADDED from src\main\AndroidManifest.xml:15:5-66
	android:name
		ADDED from src\main\AndroidManifest.xml:15:22-64
uses-permission#android.permission.WRITE_EXTERNAL_STORAGE
ADDED from src\main\AndroidManifest.xml:16:5-80
	android:name
		ADDED from src\main\AndroidManifest.xml:16:22-78
uses-permission#android.permission.WAKE_LOCK
ADDED from src\main\AndroidManifest.xml:17:5-67
	android:name
		ADDED from src\main\AndroidManifest.xml:17:22-65
uses-permission#android.permission.RECORD_AUDIO
ADDED from src\main\AndroidManifest.xml:18:5-70
	android:name
		ADDED from src\main\AndroidManifest.xml:18:22-68
uses-permission#android.permission.READ_EXTERNAL_STORAGE
ADDED from src\main\AndroidManifest.xml:24:5-80
	android:name
		ADDED from src\main\AndroidManifest.xml:24:22-77
uses-permission#android.permission.MODIFY_AUDIO_SETTINGS
ADDED from src\main\AndroidManifest.xml:27:5-80
	android:name
		ADDED from src\main\AndroidManifest.xml:27:22-77
uses-permission#android.permission.MOUNT_FORMAT_FILESYSTEMS
ADDED from src\main\AndroidManifest.xml:29:5-83
	android:name
		ADDED from src\main\AndroidManifest.xml:29:22-80
uses-permission#android.permission.MOUNT_UNMOUNT_FILESYSTEMS
ADDED from src\main\AndroidManifest.xml:30:5-84
	android:name
		ADDED from src\main\AndroidManifest.xml:30:22-81
meta-data#com.facebook.sdk.ApplicationId
ADDED from src\main\AndroidManifest.xml:32:5-34:51
	android:name
		ADDED from src\main\AndroidManifest.xml:33:9-54
	android:value
		ADDED from src\main\AndroidManifest.xml:34:9-48
application
ADDED from src\main\AndroidManifest.xml:36:5-108:19
MERGED from [com.facebook.android:facebook-android-sdk:4.1.0] AndroidManifest.xml:28:5-20
MERGED from [com.android.support:support-v4:21.0.3] AndroidManifest.xml:16:5-19
MERGED from [FamilyPop:socioPhone_lib_dist:unspecified] AndroidManifest.xml:11:5-21:19
MERGED from [com.android.support:support-v4:21.0.3] AndroidManifest.xml:16:5-19
MERGED from [FamilyPop:mmlib:unspecified] AndroidManifest.xml:9:5-12:19
MERGED from [FamilyPop:socioPhone_lib_dist:unspecified] AndroidManifest.xml:11:5-21:19
MERGED from [com.android.support:support-v4:21.0.3] AndroidManifest.xml:16:5-19
MERGED from [com.android.support:support-v4:21.0.3] AndroidManifest.xml:16:5-19
MERGED from [com.android.support:palette-v7:21.0.0] AndroidManifest.xml:16:5-17:19
MERGED from [com.android.support:support-v4:21.0.3] AndroidManifest.xml:16:5-19
MERGED from [FamilyPop:andEngine:unspecified] AndroidManifest.xml:11:5-46
MERGED from [FamilyPop:andEngine:unspecified] AndroidManifest.xml:11:5-46
	android:debuggable
		ADDED from [FamilyPop:andEngine:unspecified] AndroidManifest.xml:11:18-43
	android:label
		ADDED from src\main\AndroidManifest.xml:39:9-41
	android:allowBackup
		ADDED from src\main\AndroidManifest.xml:37:9-35
	android:icon
		ADDED from src\main\AndroidManifest.xml:38:9-45
	android:theme
		ADDED from src\main\AndroidManifest.xml:40:9-40
activity#com.j2y.familypop.MainActivity
ADDED from src\main\AndroidManifest.xml:41:9-49:20
	android:label
		ADDED from src\main\AndroidManifest.xml:43:13-45
	android:name
		ADDED from src\main\AndroidManifest.xml:42:13-58
intent-filter#android.intent.action.MAIN+android.intent.category.LAUNCHER
ADDED from src\main\AndroidManifest.xml:45:13-48:29
action#android.intent.action.MAIN
ADDED from src\main\AndroidManifest.xml:46:17-69
	android:name
		ADDED from src\main\AndroidManifest.xml:46:25-66
category#android.intent.category.LAUNCHER
ADDED from src\main\AndroidManifest.xml:47:17-77
	android:name
		ADDED from src\main\AndroidManifest.xml:47:27-74
activity#com.j2y.familypop.activity.Activity_serverMain_andEngine
ADDED from src\main\AndroidManifest.xml:60:9-178
	android:screenOrientation
		ADDED from src\main\AndroidManifest.xml:60:91-128
	android:label
		ADDED from src\main\AndroidManifest.xml:60:129-166
	android:name
		ADDED from src\main\AndroidManifest.xml:60:19-90
activity#com.j2y.familypop.activity.Activity_clientMain
ADDED from src\main\AndroidManifest.xml:61:9-132
	android:label
		ADDED from src\main\AndroidManifest.xml:61:81-120
	android:name
		ADDED from src\main\AndroidManifest.xml:61:19-80
activity#com.j2y.familypop.activity.lobby.Activity_title
ADDED from src\main\AndroidManifest.xml:66:9-132
	android:label
		ADDED from src\main\AndroidManifest.xml:66:82-120
	android:name
		ADDED from src\main\AndroidManifest.xml:66:19-81
activity#com.j2y.familypop.backup.Activity_mainRoleBackup
ADDED from src\main\AndroidManifest.xml:68:9-132
	android:label
		ADDED from src\main\AndroidManifest.xml:68:83-120
	android:name
		ADDED from src\main\AndroidManifest.xml:68:19-82
activity#com.j2y.familypop.activity.client.Activity_clientGame
ADDED from src\main\AndroidManifest.xml:69:9-137
	android:label
		ADDED from src\main\AndroidManifest.xml:69:88-125
	android:name
		ADDED from src\main\AndroidManifest.xml:69:19-87
activity#com.j2y.familypop.activity.lobby.Activity_talkHistory
ADDED from src\main\AndroidManifest.xml:72:9-149
	android:label
		ADDED from src\main\AndroidManifest.xml:72:88-137
	android:name
		ADDED from src\main\AndroidManifest.xml:72:19-87
activity#com.j2y.familypop.activity.lobby.Activity_talkHistoryPlayback
ADDED from src\main\AndroidManifest.xml:73:9-158
	android:label
		ADDED from src\main\AndroidManifest.xml:73:96-146
	android:name
		ADDED from src\main\AndroidManifest.xml:73:19-95
activity#com.j2y.familypop.activity.lobby.Activity_mainRole
ADDED from src\main\AndroidManifest.xml:75:9-149
	android:label
		ADDED from src\main\AndroidManifest.xml:75:85-137
	android:name
		ADDED from src\main\AndroidManifest.xml:75:19-84
activity#com.j2y.familypop.activity.client.Activity_clientStart
ADDED from src\main\AndroidManifest.xml:76:9-155
	android:label
		ADDED from src\main\AndroidManifest.xml:76:89-143
	android:name
		ADDED from src\main\AndroidManifest.xml:76:19-88
activity#com.j2y.familypop.activity.lobby.Activity_locatorStart
ADDED from src\main\AndroidManifest.xml:77:9-156
	android:label
		ADDED from src\main\AndroidManifest.xml:77:89-144
	android:name
		ADDED from src\main\AndroidManifest.xml:77:19-88
activity#com.j2y.familypop.activity.server.Activity_serverStart
ADDED from src\main\AndroidManifest.xml:78:9-155
	android:label
		ADDED from src\main\AndroidManifest.xml:78:89-143
	android:name
		ADDED from src\main\AndroidManifest.xml:78:19-88
activity#com.j2y.familypop.activity.server.Activity_serverCalibration
ADDED from src\main\AndroidManifest.xml:81:9-151
	android:label
		ADDED from src\main\AndroidManifest.xml:81:95-139
	android:name
		ADDED from src\main\AndroidManifest.xml:81:19-94
activity#com.j2y.familypop.activity.server.Activity_serverCalibrationLocation
ADDED from src\main\AndroidManifest.xml:82:9-168
	android:label
		ADDED from src\main\AndroidManifest.xml:82:103-156
	android:name
		ADDED from src\main\AndroidManifest.xml:82:19-102
activity#com.j2y.familypop.activity.lobby.Activity_topicGallery
ADDED from src\main\AndroidManifest.xml:84:9-156
	android:label
		ADDED from src\main\AndroidManifest.xml:84:89-144
	android:name
		ADDED from src\main\AndroidManifest.xml:84:19-88
activity#com.j2y.familypop.activity.lobby.Activity_locatorWaitingForConnection
ADDED from src\main\AndroidManifest.xml:87:9-192
	android:label
		ADDED from src\main\AndroidManifest.xml:87:104-180
	android:name
		ADDED from src\main\AndroidManifest.xml:87:19-103
activity#com.j2y.familypop.activity.lobby.Activity_locatorNowCalibrating
ADDED from src\main\AndroidManifest.xml:88:9-180
	android:label
		ADDED from src\main\AndroidManifest.xml:88:98-168
	android:name
		ADDED from src\main\AndroidManifest.xml:88:19-97
activity#com.j2y.familypop.activity.lobby.Activity_input_userName
ADDED from src\main\AndroidManifest.xml:91:9-166
	android:label
		ADDED from src\main\AndroidManifest.xml:91:91-154
	android:name
		ADDED from src\main\AndroidManifest.xml:91:19-90
activity#com.j2y.familypop.activity.lobby.Activity_facebook_connected
ADDED from src\main\AndroidManifest.xml:92:9-170
	android:label
		ADDED from src\main\AndroidManifest.xml:92:95-158
	android:name
		ADDED from src\main\AndroidManifest.xml:92:19-94
service#com.nclab.sociophone.record.AudioRecorderService
ADDED from [FamilyPop:socioPhone_lib_dist:unspecified] AndroidManifest.xml:16:9-20:19
MERGED from [FamilyPop:socioPhone_lib_dist:unspecified] AndroidManifest.xml:16:9-20:19
	android:name
		ADDED from [FamilyPop:socioPhone_lib_dist:unspecified] AndroidManifest.xml:16:18-81
intent-filter#com.nclab.sociophone.record.AudioRecorderService
ADDED from [FamilyPop:socioPhone_lib_dist:unspecified] AndroidManifest.xml:17:13-19:29
action#com.nclab.sociophone.record.AudioRecorderService
ADDED from [FamilyPop:socioPhone_lib_dist:unspecified] AndroidManifest.xml:18:17-91
	android:name
		ADDED from [FamilyPop:socioPhone_lib_dist:unspecified] AndroidManifest.xml:18:25-88